<?xml version="1.0" encoding="UTF-8"?>
<testng-results ignored="0" total="1" passed="1" failed="0" skipped="0">
  <reporter-output>
  </reporter-output>
  <suite started-at="2023-05-04T15:10:30 IST" name="Surefire suite" finished-at="2023-05-04T15:10:30 IST" duration-ms="12">
    <groups>
    </groups>
    <test started-at="2023-05-04T15:10:30 IST" name="Surefire test" finished-at="2023-05-04T15:10:30 IST" duration-ms="12">
      <class name="com.cucumber.CucumberProj.AppTest">
        <test-method signature="testApp()[pri:0, instance:testApp(com.cucumber.CucumberProj.AppTest)]" started-at="2023-05-04T15:10:30 IST" name="testApp" finished-at="2023-05-04T15:10:30 IST" duration-ms="1" status="PASS">
          <reporter-output>
          </reporter-output>
        </test-method> <!-- testApp -->
      </class> <!-- com.cucumber.CucumberProj.AppTest -->
    </test> <!-- Surefire test -->
  </suite> <!-- Surefire suite -->
</testng-results>
