<?xml version="1.0" encoding="UTF-8"?>
<testsuite xmlns:xsi="http://www.w3.org/2001/XMLSchema-instance" xsi:noNamespaceSchemaLocation="https://maven.apache.org/surefire/maven-surefire-plugin/xsd/surefire-test-report-3.0.xsd" version="3.0" name="TestSuite" time="46.122" tests="3" errors="0" skipped="0" failures="0">
  <properties>
[...]
</properties>
  <testcase name="runScenario[&quot;Search for a product, add quantity and proceed to checkout , verify details and place Order&quot;, &quot;Optional[Search for a list of products with required quantity and place order]&quot;](1)" classname="cucumberOptions.TestNgTestRunner" time="19.411">
    <system-out><![CDATA[
Scenario Outline: Search for a product, add quantity and proceed to checkout , verify details and place Order # src/test/java/features/PurchaseOrder.feature:16
  Given User is on GreenKart Landing page                                                                     # stepDefinations.GreenKartStepDefination.user_is_on_green_kart_landing_page()
     Message: Mango is added to cart with required quantity  : 3
  When User adds one product Mango with required quantity 2                                                   # stepDefinations.GreenKartStepDefination.user_adds_one_product_with_required_quantity(java.lang.String,java.lang.String)
  Then User clicks on Cart icon and click proceed to CheckOut                                                 # stepDefinations.CheckOutStepDefination.user_clicks_on_cart_icon_and_click_proceed_to_check_out()
     Message: Check Out Page prods matches with given : 'Mango' Quantity is :3 Total price of prod is: '225'
  Then Validate products exists in CheckOut page and matches with given products Mango and 2                  # stepDefinations.CheckOutStepDefination.validate_products_exists_in_CheckOutpage_and_matches_with_given_products(java.lang.String,java.lang.String)
     Message:Total purchase price matches '225' with total discount price : '225'
  And Validate total price matches with total after discount                                                  # stepDefinations.CheckOutStepDefination.validate_total_price_matches_with_total_after_discount()
  Then User places clicks placeorder                                                                          # stepDefinations.CheckOutStepDefination.user_clicks_placeorder_button()
  And User selects country India and submit                                                                   # stepDefinations.CheckOutStepDefination.user_selects_country_and_submit(java.lang.String)
]]></system-out>
    <system-err><![CDATA[Starting ChromeDriver 111.0.5563.64 (c710e93d5b63b7095afe8c2c17df34408078439d-refs/branch-heads/5563@{#995}) on port 32490
Only local connections are allowed.
Please see https://chromedriver.chromium.org/security-considerations for suggestions on keeping ChromeDriver safe.
ChromeDriver was started successfully.
[1683193187.683][WARNING]: This version of ChromeDriver has not been tested with Chrome version 112.
May 04, 2023 3:09:47 PM org.openqa.selenium.remote.ProtocolHandshake createSession
INFO: Detected dialect: W3C
]]></system-err>
  </testcase>
  <testcase name="runScenario[&quot;Search for a product, add quantity and proceed to checkout , verify details and place Order&quot;, &quot;Optional[Search for a list of products with required quantity and place order]&quot;](2)" classname="cucumberOptions.TestNgTestRunner" time="24.946">
    <system-out><![CDATA[
Scenario Outline: Search for a product, add quantity and proceed to checkout , verify details and place Order # src/test/java/features/PurchaseOrder.feature:17
  Given User is on GreenKart Landing page                                                                     # stepDefinations.GreenKartStepDefination.user_is_on_green_kart_landing_page()
     Message: Walnuts is added to cart with required quantity  : 4
  When User adds one product Walnuts with required quantity 3                                                 # stepDefinations.GreenKartStepDefination.user_adds_one_product_with_required_quantity(java.lang.String,java.lang.String)
  Then User clicks on Cart icon and click proceed to CheckOut                                                 # stepDefinations.CheckOutStepDefination.user_clicks_on_cart_icon_and_click_proceed_to_check_out()
     Message: Check Out Page prods matches with given : 'Walnuts' Quantity is :4 Total price of prod is: '680'
  Then Validate products exists in CheckOut page and matches with given products Walnuts and 3                # stepDefinations.CheckOutStepDefination.validate_products_exists_in_CheckOutpage_and_matches_with_given_products(java.lang.String,java.lang.String)
     Message:Total purchase price matches '680' with total discount price : '680'
  And Validate total price matches with total after discount                                                  # stepDefinations.CheckOutStepDefination.validate_total_price_matches_with_total_after_discount()
  Then User places clicks placeorder                                                                          # stepDefinations.CheckOutStepDefination.user_clicks_placeorder_button()
  And User selects country Austria and submit                                                                 # stepDefinations.CheckOutStepDefination.user_selects_country_and_submit(java.lang.String)
]]></system-out>
    <system-err><![CDATA[Starting ChromeDriver 111.0.5563.64 (c710e93d5b63b7095afe8c2c17df34408078439d-refs/branch-heads/5563@{#995}) on port 34854
Only local connections are allowed.
Please see https://chromedriver.chromium.org/security-considerations for suggestions on keeping ChromeDriver safe.
ChromeDriver was started successfully.
[1683193206.464][WARNING]: This version of ChromeDriver has not been tested with Chrome version 112.
May 04, 2023 3:10:06 PM org.openqa.selenium.remote.ProtocolHandshake createSession
INFO: Detected dialect: W3C
]]></system-err>
  </testcase>
  <testcase name="testApp on testApp(com.cucumber.CucumberProj.AppTest)" classname="com.cucumber.CucumberProj.AppTest" time="25.591"/>
</testsuite>